[ N 2025-10-02 02:50:02.1468 889988/T1 age/Wat/WatchdogMain.cpp:1365 ]: Starting Passenger watchdog...
[ N 2025-10-02 02:50:02.1603 889992/T1 age/Cor/CoreMain.cpp:1284 ]: Starting Passenger core...
[ N 2025-10-02 02:50:02.1603 889992/T1 age/Cor/CoreMain.cpp:245 ]: Passenger core running in multi-application mode.
[ N 2025-10-02 02:50:02.1783 889992/T1 age/Cor/CoreMain.cpp:962 ]: Passenger core online, PID 889992
App 890049 output: node:internal/modules/cjs/loader:1247
App 890049 output:   throw err;
App 890049 output:   ^
App 890049 output: 
App 890049 output: Error: Cannot find module '/home/parisbe1/public_html/landing-laxzin/server.js'
App 890049 output: Require stack:
App 890049 output: - /usr/share/passenger/helper-scripts/node-loader.js
App 890049 output:     at Function._resolveFilename (node:internal/modules/cjs/loader:1244:15)
App 890049 output:     at Function._load (node:internal/modules/cjs/loader:1070:27)
App 890049 output:     at TracingChannel.traceSync (node:diagnostics_channel:322:14)
App 890049 output:     at wrapModuleLoad (node:internal/modules/cjs/loader:217:24)
App 890049 output:     at Module.<anonymous> (node:internal/modules/cjs/loader:1335:12)
App 890049 output:     at Module.require (/usr/share/passenger/helper-scripts/node-loader.js:80:25)
App 890049 output:     at require (node:internal/modules/helpers:136:16)
App 890049 output:     at loadApplication (/usr/share/passenger/helper-scripts/node-loader.js:243:2)
App 890049 output:     at setupEnvironment (/usr/share/passenger/helper-scripts/node-loader.js:214:2)
App 890049 output:     at Object.<anonymous> (/usr/share/passenger/helper-scripts/node-loader.js:133:1) {
App 890049 output:   code: 'MODULE_NOT_FOUND',
App 890049 output:   requireStack: [ '/usr/share/passenger/helper-scripts/node-loader.js' ]
App 890049 output: }
App 890049 output: 
App 890049 output: Node.js v22.13.1
[ E 2025-10-02 02:50:04.4335 889992/Ts age/Cor/App/Implementation.cpp:218 ]: Could not spawn process for application /home/parisbe1/public_html/landing-laxzin: The application process exited prematurely.
  Error ID: 9636a543
  Error details saved to: /home/parisbe1/tmp//passenger-error-zHfAwB.html

[ E 2025-10-02 02:50:04.4355 889992/T9 age/Cor/Con/CheckoutSession.cpp:368 ]: [Client 1-1] Cannot checkout session because a spawning error occurred. The identifier of the error is 9636a543. Please see earlier logs for details about the error.
[ N 2025-10-02 02:50:05.9433 889992/T6 age/Cor/SecurityUpdateChecker.h:519 ]: Security update check: no update found (next check in 24 hours)
App 891437 output: node:internal/modules/cjs/loader:1247
App 891437 output:   throw err;
App 891437 output:   ^
App 891437 output: 
App 891437 output: Error: Cannot find module '/home/parisbe1/public_html/landing-laxzin/server.js'
App 891437 output: Require stack:
App 891437 output: - /usr/share/passenger/helper-scripts/node-loader.js
App 891437 output:     at Function._resolveFilename (node:internal/modules/cjs/loader:1244:15)
App 891437 output:     at Function._load (node:internal/modules/cjs/loader:1070:27)
App 891437 output:     at TracingChannel.traceSync (node:diagnostics_channel:322:14)
App 891437 output:     at wrapModuleLoad (node:internal/modules/cjs/loader:217:24)
App 891437 output:     at Module.<anonymous> (node:internal/modules/cjs/loader:1335:12)
App 891437 output:     at Module.require (/usr/share/passenger/helper-scripts/node-loader.js:80:25)
App 891437 output:     at require (node:internal/modules/helpers:136:16)
App 891437 output:     at loadApplication (/usr/share/passenger/helper-scripts/node-loader.js:243:2)
App 891437 output:     at setupEnvironment (/usr/share/passenger/helper-scripts/node-loader.js:214:2)
App 891437 output:     at Object.<anonymous> (/usr/share/passenger/helper-scripts/node-loader.js:133:1) {
App 891437 output:   code: 'MODULE_NOT_FOUND',
App 891437 output:   requireStack: [ '/usr/share/passenger/helper-scripts/node-loader.js' ]
App 891437 output: }
App 891437 output: 
App 891437 output: Node.js v22.13.1
[ E 2025-10-02 02:53:30.8322 889992/Tx age/Cor/App/Implementation.cpp:218 ]: Could not spawn process for application /home/parisbe1/public_html/landing-laxzin: The application process exited prematurely.
  Error ID: 9a3b0be2
  Error details saved to: /home/parisbe1/tmp//passenger-error-xHgsJY.html

[ E 2025-10-02 02:53:30.8343 889992/Tb age/Cor/Con/CheckoutSession.cpp:368 ]: [Client 2-1] Cannot checkout session because a spawning error occurred. The identifier of the error is 9a3b0be2. Please see earlier logs for details about the error.
App 892538 output: /home/parisbe1/public_html/landing-laxzin/node_modules/next/dist/server/lib/router-utils/filesystem.js:151
App 892538 output:             throw new Error(`Could not find a production build in the '${opts.config.distDir}' directory. Try building your app with 'next build' before starting the production server. https://nextjs.org/docs/messages/production-start-no-build-id`);
App 892538 output:                   ^
App 892538 output: 
App 892538 output: Error: Could not find a production build in the '.next' directory. Try building your app with 'next build' before starting the production server. https://nextjs.org/docs/messages/production-start-no-build-id
App 892538 output:     at setupFsCheck (/home/parisbe1/public_html/landing-laxzin/node_modules/next/dist/server/lib/router-utils/filesystem.js:151:19)
App 892538 output:     at async initialize (/home/parisbe1/public_html/landing-laxzin/node_modules/next/dist/server/lib/router-server.js:64:23)
App 892538 output:     at async NextCustomServer.prepare (/home/parisbe1/public_html/landing-laxzin/node_modules/next/dist/server/next.js:242:28)
App 892538 output: 
App 892538 output: Node.js v22.13.1
[ E 2025-10-02 02:55:58.5431 889992/T12 age/Cor/App/Implementation.cpp:218 ]: Could not spawn process for application /home/parisbe1/public_html/landing-laxzin: The application process exited prematurely.
  Error ID: ad070213
  Error details saved to: /home/parisbe1/tmp//passenger-error-geZmev.html

[ E 2025-10-02 02:55:58.5452 889992/Td age/Cor/Con/CheckoutSession.cpp:368 ]: [Client 3-1] Cannot checkout session because a spawning error occurred. The identifier of the error is ad070213. Please see earlier logs for details about the error.

[ N 2025-10-02 02:56:09.4626 889992/T9 age/Cor/CoreMain.cpp:659 ]: Signal received. Gracefully shutting down... (send signal 2 more time(s) to force shutdown)
[ N 2025-10-02 02:56:09.4627 889992/T1 age/Cor/CoreMain.cpp:1192 ]: Received command to shutdown gracefully. Waiting until all clients have disconnected...
[ N 2025-10-02 02:56:09.4627 889992/T9 Ser/Server.h:895 ]: [ServerThr.1] Freed 0 spare client objects
[ N 2025-10-02 02:56:09.4628 889992/T9 Ser/Server.h:552 ]: [ServerThr.1] Shutdown finished
[ N 2025-10-02 02:56:09.4628 889992/Tf Ser/Server.h:895 ]: [ServerThr.4] Freed 0 spare client objects
[ N 2025-10-02 02:56:09.4628 889992/Td Ser/Server.h:895 ]: [ServerThr.3] Freed 0 spare client objects
[ N 2025-10-02 02:56:09.4628 889992/Tb Ser/Server.h:895 ]: [ServerThr.2] Freed 0 spare client objects
[ N 2025-10-02 02:56:09.4628 889992/Tf Ser/Server.h:552 ]: [ServerThr.4] Shutdown finished
[ N 2025-10-02 02:56:09.4628 889992/Td Ser/Server.h:552 ]: [ServerThr.3] Shutdown finished
[ N 2025-10-02 02:56:09.4628 889992/Tj Ser/Server.h:895 ]: [ServerThr.6] Freed 0 spare client objects
[ N 2025-10-02 02:56:09.4628 889992/Tb Ser/Server.h:552 ]: [ServerThr.2] Shutdown finished
[ N 2025-10-02 02:56:09.4628 889992/Th Ser/Server.h:895 ]: [ServerThr.5] Freed 0 spare client objects
[ N 2025-10-02 02:56:09.4628 889992/Tj Ser/Server.h:552 ]: [ServerThr.6] Shutdown finished
[ N 2025-10-02 02:56:09.4628 889992/Tl Ser/Server.h:895 ]: [ServerThr.7] Freed 0 spare client objects
[ N 2025-10-02 02:56:09.4628 889992/Th Ser/Server.h:552 ]: [ServerThr.5] Shutdown finished
[ N 2025-10-02 02:56:09.4628 889992/Tn Ser/Server.h:895 ]: [ServerThr.8] Freed 0 spare client objects
[ N 2025-10-02 02:56:09.4628 889992/Tl Ser/Server.h:552 ]: [ServerThr.7] Shutdown finished
[ N 2025-10-02 02:56:09.4628 889992/Tn Ser/Server.h:552 ]: [ServerThr.8] Shutdown finished
[ N 2025-10-02 02:56:09.4629 889992/Tp Ser/Server.h:895 ]: [ApiServer] Freed 0 spare client objects
[ N 2025-10-02 02:56:09.4629 889992/Tp Ser/Server.h:552 ]: [ApiServer] Shutdown finished
[ N 2025-10-02 02:56:10.2955 889992/T1 age/Cor/CoreMain.cpp:1269 ]: Passenger core shutdown finished
[ N 2025-10-02 02:56:14.4143 892785/T1 age/Wat/WatchdogMain.cpp:1365 ]: Starting Passenger watchdog...
[ N 2025-10-02 02:56:14.4278 892789/T1 age/Cor/CoreMain.cpp:1284 ]: Starting Passenger core...
[ N 2025-10-02 02:56:14.4279 892789/T1 age/Cor/CoreMain.cpp:245 ]: Passenger core running in multi-application mode.
[ N 2025-10-02 02:56:14.4461 892789/T1 age/Cor/CoreMain.cpp:962 ]: Passenger core online, PID 892789
App 892852 output: /home/parisbe1/public_html/landing-laxzin/node_modules/next/dist/server/lib/router-utils/filesystem.js:151
App 892852 output:             throw new Error(`Could not find a production build in the '${opts.config.distDir}' directory. Try building your app with 'next build' before starting the production server. https://nextjs.org/docs/messages/production-start-no-build-id`);
App 892852 output:                   ^
App 892852 output: 
App 892852 output: Error: Could not find a production build in the '.next' directory. Try building your app with 'next build' before starting the production server. https://nextjs.org/docs/messages/production-start-no-build-id
App 892852 output:     at setupFsCheck (/home/parisbe1/public_html/landing-laxzin/node_modules/next/dist/server/lib/router-utils/filesystem.js:151:19)
App 892852 output:     at async initialize (/home/parisbe1/public_html/landing-laxzin/node_modules/next/dist/server/lib/router-server.js:64:23)
App 892852 output:     at async NextCustomServer.prepare (/home/parisbe1/public_html/landing-laxzin/node_modules/next/dist/server/next.js:242:28)
App 892852 output: 
App 892852 output: Node.js v22.13.1
[ E 2025-10-02 02:56:16.8969 892789/Ts age/Cor/App/Implementation.cpp:218 ]: Could not spawn process for application /home/parisbe1/public_html/landing-laxzin: The application process exited prematurely.
  Error ID: 0f520619
  Error details saved to: /home/parisbe1/tmp//passenger-error-VT9DMM.html

[ E 2025-10-02 02:56:16.8990 892789/T9 age/Cor/Con/CheckoutSession.cpp:368 ]: [Client 1-1] Cannot checkout session because a spawning error occurred. The identifier of the error is 0f520619. Please see earlier logs for details about the error.
[ N 2025-10-02 02:56:17.1747 892789/T6 age/Cor/SecurityUpdateChecker.h:519 ]: Security update check: no update found (next check in 24 hours)
App 892910 output: /home/parisbe1/public_html/landing-laxzin/node_modules/next/dist/server/lib/router-utils/filesystem.js:151
App 892910 output:             throw new Error(`Could not find a production build in the '${opts.config.distDir}' directory. Try building your app with 'next build' before starting the production server. https://nextjs.org/docs/messages/production-start-no-build-id`);
App 892910 output:                   ^
App 892910 output: 
App 892910 output: Error: Could not find a production build in the '.next' directory. Try building your app with 'next build' before starting the production server. https://nextjs.org/docs/messages/production-start-no-build-id
App 892910 output:     at setupFsCheck (/home/parisbe1/public_html/landing-laxzin/node_modules/next/dist/server/lib/router-utils/filesystem.js:151:19)
App 892910 output:     at async initialize (/home/parisbe1/public_html/landing-laxzin/node_modules/next/dist/server/lib/router-server.js:64:23)
App 892910 output:     at async NextCustomServer.prepare (/home/parisbe1/public_html/landing-laxzin/node_modules/next/dist/server/next.js:242:28)
App 892910 output: 
App 892910 output: Node.js v22.13.1
[ E 2025-10-02 02:56:18.5927 892789/Tx age/Cor/App/Implementation.cpp:218 ]: Could not spawn process for application /home/parisbe1/public_html/landing-laxzin: The application process exited prematurely.
  Error ID: da0f35dc
  Error details saved to: /home/parisbe1/tmp//passenger-error-VyASqq.html

[ E 2025-10-02 02:56:18.5947 892789/Tb age/Cor/Con/CheckoutSession.cpp:368 ]: [Client 2-1] Cannot checkout session because a spawning error occurred. The identifier of the error is da0f35dc. Please see earlier logs for details about the error.
App 893706 output: > Ready on http://localhost:3000
App 893706 output: > Environment: production
App 893706 output:  ⚠ For production Image Optimization with Next.js, the optional 'sharp' package is strongly recommended. Run 'npm i sharp', and Next.js will use it automatically for Image Optimization.
App 893706 output: Read more: https://nextjs.org/docs/messages/sharp-missing-in-production
[ N 2025-10-03 01:56:17.9051 892789/T6 age/Cor/SecurityUpdateChecker.h:519 ]: Security update check: no update found (next check in 24 hours)
App 893706 output:  ⨯ upstream image response failed for https://admin.parisbeautybd.com/storage/product/Laxzin-Alpha-Arbutin-02-With-Hyaluronic-Acid-Serum-30ml-1-731950.jpg 404
[ N 2025-10-03 13:56:18.6879 892789/T6 age/Cor/SecurityUpdateChecker.h:519 ]: Security update check: no update found (next check in 24 hours)
[ N 2025-10-04 23:56:19.4028 892789/T6 age/Cor/SecurityUpdateChecker.h:519 ]: Security update check: no update found (next check in 24 hours)
App 893706 output:  ⨯ upstream image response failed for https://admin.parisbeautybd.com/storage/product/Laxzin-Alpha-Arbutin-02-With-Hyaluronic-Acid-Serum-30ml-1-731950.jpg 404
App 893706 output:  ⨯ upstream image response failed for https://admin.parisbeautybd.com/storage/product/Laxzin-Alpha-Arbutin-02-With-Hyaluronic-Acid-Serum-30ml-1-731950.jpg 404
[ N 2025-10-05 22:56:20.9661 892789/T6 age/Cor/SecurityUpdateChecker.h:519 ]: Security update check: no update found (next check in 24 hours)
[ N 2025-10-06 10:56:21.6861 892789/T6 age/Cor/SecurityUpdateChecker.h:519 ]: Security update check: no update found (next check in 24 hours)
[ N 2025-10-07 10:56:22.4964 892789/T6 age/Cor/SecurityUpdateChecker.h:519 ]: Security update check: no update found (next check in 24 hours)
[ N 2025-10-08 10:56:23.3566 892789/T6 age/Cor/SecurityUpdateChecker.h:519 ]: Security update check: no update found (next check in 24 hours)
[ E 2025-10-09 04:35:16.5685 892789/T7 age/Cor/TelemetryCollector.h:454 ]: Error contacting anonymous telemetry server: Failed to connect to anontelemetry.phusionpassenger.com port 443: Connection timed out
[ N 2025-10-09 10:56:24.1183 892789/T6 age/Cor/SecurityUpdateChecker.h:519 ]: Security update check: no update found (next check in 24 hours)
App 893706 output:  ⨯ upstream image response failed for https://admin.parisbeautybd.com/storage/product-section/%E0%A6%AC%E0%A7%8D%E0%A6%B0%E0%A6%A3-%E0%A6%93-%E0%A6%AC%E0%A7%8D%E0%A6%B2%E0%A7%8D%E0%A6%AF%E0%A6%BE%E0%A6%95%E0%A6%B9%E0%A7%87%E0%A6%A1%E0%A6%B8-%E0%A6%A6%E0%A7%82%E0%A6%B0-%E0%A6%95%E0%A6%B0%E0%A7%87%E0%A5%A4-1741756686.jpg 404
App 893706 output: ImageError: "url" parameter is valid but upstream response is invalid
App 893706 output:     at fetchExternalImage (/home/parisbe1/public_html/landing-laxzin/node_modules/next/dist/server/image-optimizer.js:726:15)
App 893706 output:     at process.processTicksAndRejections (node:internal/process/task_queues:105:5)
App 893706 output:     at async NextNodeServer.imageOptimizer (/home/parisbe1/public_html/landing-laxzin/node_modules/next/dist/server/next-server.js:654:48)
App 893706 output:     at async cacheEntry.imageResponseCache.get.incrementalCache (/home/parisbe1/public_html/landing-laxzin/node_modules/next/dist/server/next-server.js:182:65)
App 893706 output:     at async /home/parisbe1/public_html/landing-laxzin/node_modules/next/dist/server/response-cache/index.js:90:36
App 893706 output:     at async /home/parisbe1/public_html/landing-laxzin/node_modules/next/dist/lib/batcher.js:45:32 {
App 893706 output:   statusCode: 404
App 893706 output: }
App 893706 output:  ⨯ TypeError: fetch failed
App 893706 output:     at node:internal/deps/undici/undici:13502:13
App 893706 output:     at processTicksAndRejections (node:internal/process/task_queues:105:5)
App 893706 output:     at runNextTicks (node:internal/process/task_queues:69:3)
App 893706 output:     at process.processImmediate (node:internal/timers:459:9)
App 893706 output:     at async fetchExternalImage (/home/parisbe1/public_html/landing-laxzin/node_modules/next/dist/server/image-optimizer.js:723:17)
App 893706 output:     at async NextNodeServer.imageOptimizer (/home/parisbe1/public_html/landing-laxzin/node_modules/next/dist/server/next-server.js:654:48)
App 893706 output:     at async cacheEntry.imageResponseCache.get.incrementalCache (/home/parisbe1/public_html/landing-laxzin/node_modules/next/dist/server/next-server.js:182:65)
App 893706 output:     at async /home/parisbe1/public_html/landing-laxzin/node_modules/next/dist/server/response-cache/index.js:90:36
App 893706 output:     at async /home/parisbe1/public_html/landing-laxzin/node_modules/next/dist/lib/batcher.js:45:32 {
App 893706 output:   [cause]: ConnectTimeoutError: Connect Timeout Error (attempted address: admin.parisbeautybd.com:443, timeout: 10000ms)
App 893706 output:       at onConnectTimeout (node:internal/deps/undici/undici:2602:28)
App 893706 output:       at Immediate._onImmediate (node:internal/deps/undici/undici:2583:11)
App 893706 output:       at process.processImmediate (node:internal/timers:491:21) {
App 893706 output:     code: 'UND_ERR_CONNECT_TIMEOUT'
App 893706 output:   }
App 893706 output: }
App 893706 output: TypeError: fetch failed
App 893706 output:     at node:internal/deps/undici/undici:13502:13
App 893706 output:     at process.processTicksAndRejections (node:internal/process/task_queues:105:5)
App 893706 output:     at async fetchExternalImage (/home/parisbe1/public_html/landing-laxzin/node_modules/next/dist/server/image-optimizer.js:723:17)
App 893706 output:     at async NextNodeServer.imageOptimizer (/home/parisbe1/public_html/landing-laxzin/node_modules/next/dist/server/next-server.js:654:48)
App 893706 output:     at async cacheEntry.imageResponseCache.get.incrementalCache (/home/parisbe1/public_html/landing-laxzin/node_modules/next/dist/server/next-server.js:182:65)
App 893706 output:     at async /home/parisbe1/public_html/landing-laxzin/node_modules/next/dist/server/response-cache/index.js:90:36
App 893706 output:     at async /home/parisbe1/public_html/landing-laxzin/node_modules/next/dist/lib/batcher.js:45:32 {
App 893706 output:   [cause]: ConnectTimeoutError: Connect Timeout Error (attempted address: admin.parisbeautybd.com:443, timeout: 10000ms)
App 893706 output:       at onConnectTimeout (node:internal/deps/undici/undici:2602:28)
App 893706 output:       at Immediate._onImmediate (node:internal/deps/undici/undici:2583:11)
App 893706 output:       at process.processImmediate (node:internal/timers:491:21) {
App 893706 output:     code: 'UND_ERR_CONNECT_TIMEOUT'
App 893706 output:   }
App 893706 output: }
App 893706 output: TypeError: fetch failed
App 893706 output:     at node:internal/deps/undici/undici:13502:13
App 893706 output:     at processTicksAndRejections (node:internal/process/task_queues:105:5)
App 893706 output:     at runNextTicks (node:internal/process/task_queues:69:3)
App 893706 output:     at process.processImmediate (node:internal/timers:459:9)
App 893706 output:     at async fetchExternalImage (/home/parisbe1/public_html/landing-laxzin/node_modules/next/dist/server/image-optimizer.js:723:17)
App 893706 output:     at async NextNodeServer.imageOptimizer (/home/parisbe1/public_html/landing-laxzin/node_modules/next/dist/server/next-server.js:654:48)
App 893706 output:     at async cacheEntry.imageResponseCache.get.incrementalCache (/home/parisbe1/public_html/landing-laxzin/node_modules/next/dist/server/next-server.js:182:65)
App 893706 output:     at async /home/parisbe1/public_html/landing-laxzin/node_modules/next/dist/server/response-cache/index.js:90:36
App 893706 output:     at async /home/parisbe1/public_html/landing-laxzin/node_modules/next/dist/lib/batcher.js:45:32 {
App 893706 output:   [cause]: ConnectTimeoutError: Connect Timeout Error (attempted address: admin.parisbeautybd.com:443, timeout: 10000ms)
App 893706 output:       at onConnectTimeout (node:internal/deps/undici/undici:2602:28)
App 893706 output:       at Immediate._onImmediate (node:internal/deps/undici/undici:2583:11)
App 893706 output:       at process.processImmediate (node:internal/timers:491:21) {
App 893706 output:     code: 'UND_ERR_CONNECT_TIMEOUT'
App 893706 output:   }
App 893706 output: }
App 893706 output: TypeError: fetch failed
App 893706 output:     at node:internal/deps/undici/undici:13502:13
App 893706 output:     at process.processTicksAndRejections (node:internal/process/task_queues:105:5)
App 893706 output:     at async fetchExternalImage (/home/parisbe1/public_html/landing-laxzin/node_modules/next/dist/server/image-optimizer.js:723:17)
App 893706 output:     at async NextNodeServer.imageOptimizer (/home/parisbe1/public_html/landing-laxzin/node_modules/next/dist/server/next-server.js:654:48)
App 893706 output:     at async cacheEntry.imageResponseCache.get.incrementalCache (/home/parisbe1/public_html/landing-laxzin/node_modules/next/dist/server/next-server.js:182:65)
App 893706 output:     at async /home/parisbe1/public_html/landing-laxzin/node_modules/next/dist/server/response-cache/index.js:90:36
App 893706 output:     at async /home/parisbe1/public_html/landing-laxzin/node_modules/next/dist/lib/batcher.js:45:32 {
App 893706 output:   [cause]: ConnectTimeoutError: Connect Timeout Error (attempted address: admin.parisbeautybd.com:443, timeout: 10000ms)
App 893706 output:       at onConnectTimeout (node:internal/deps/undici/undici:2602:28)
App 893706 output:       at Immediate._onImmediate (node:internal/deps/undici/undici:2583:11)
App 893706 output:       at process.processImmediate (node:internal/timers:491:21) {
App 893706 output:     code: 'UND_ERR_CONNECT_TIMEOUT'
App 893706 output:   }
App 893706 output: }
App 893706 output: TypeError: fetch failed
App 893706 output:     at node:internal/deps/undici/undici:13502:13
App 893706 output:     at processTicksAndRejections (node:internal/process/task_queues:105:5)
App 893706 output:     at runNextTicks (node:internal/process/task_queues:69:3)
App 893706 output:     at process.processImmediate (node:internal/timers:459:9)
App 893706 output:     at async fetchExternalImage (/home/parisbe1/public_html/landing-laxzin/node_modules/next/dist/server/image-optimizer.js:723:17)
App 893706 output:     at async NextNodeServer.imageOptimizer (/home/parisbe1/public_html/landing-laxzin/node_modules/next/dist/server/next-server.js:654:48)
App 893706 output:     at async cacheEntry.imageResponseCache.get.incrementalCache (/home/parisbe1/public_html/landing-laxzin/node_modules/next/dist/server/next-server.js:182:65)
App 893706 output:     at async /home/parisbe1/public_html/landing-laxzin/node_modules/next/dist/server/response-cache/index.js:90:36
App 893706 output:     at async /home/parisbe1/public_html/landing-laxzin/node_modules/next/dist/lib/batcher.js:45:32 {
App 893706 output:   [cause]: ConnectTimeoutError: Connect Timeout Error (attempted address: admin.parisbeautybd.com:443, timeout: 10000ms)
App 893706 output:       at onConnectTimeout (node:internal/deps/undici/undici:2602:28)
App 893706 output:       at Immediate._onImmediate (node:internal/deps/undici/undici:2583:11)
App 893706 output:       at process.processImmediate (node:internal/timers:491:21) {
App 893706 output:     code: 'UND_ERR_CONNECT_TIMEOUT'
App 893706 output:   }
App 893706 output: }
App 893706 output:  ⨯ TypeError: fetch failed
App 893706 output:     at node:internal/deps/undici/undici:13502:13
App 893706 output:     at process.processTicksAndRejections (node:internal/process/task_queues:105:5)
App 893706 output:     at async fetchExternalImage (/home/parisbe1/public_html/landing-laxzin/node_modules/next/dist/server/image-optimizer.js:723:17)
App 893706 output:     at async NextNodeServer.imageOptimizer (/home/parisbe1/public_html/landing-laxzin/node_modules/next/dist/server/next-server.js:654:48)
App 893706 output:     at async cacheEntry.imageResponseCache.get.incrementalCache (/home/parisbe1/public_html/landing-laxzin/node_modules/next/dist/server/next-server.js:182:65)
App 893706 output:     at async /home/parisbe1/public_html/landing-laxzin/node_modules/next/dist/server/response-cache/index.js:90:36
App 893706 output:     at async /home/parisbe1/public_html/landing-laxzin/node_modules/next/dist/lib/batcher.js:45:32 {
App 893706 output:   [cause]: ConnectTimeoutError: Connect Timeout Error (attempted address: admin.parisbeautybd.com:443, timeout: 10000ms)
App 893706 output:       at onConnectTimeout (node:internal/deps/undici/undici:2602:28)
App 893706 output:       at Immediate._onImmediate (node:internal/deps/undici/undici:2583:11)
App 893706 output:       at process.processImmediate (node:internal/timers:491:21) {
App 893706 output:     code: 'UND_ERR_CONNECT_TIMEOUT'
App 893706 output:   }
App 893706 output: }
App 893706 output:  ⨯ TypeError: fetch failed
App 893706 output:     at node:internal/deps/undici/undici:13502:13
App 893706 output:     at process.processTicksAndRejections (node:internal/process/task_queues:105:5)
App 893706 output:     at async fetchExternalImage (/home/parisbe1/public_html/landing-laxzin/node_modules/next/dist/server/image-optimizer.js:723:17)
App 893706 output:     at async NextNodeServer.imageOptimizer (/home/parisbe1/public_html/landing-laxzin/node_modules/next/dist/server/next-server.js:654:48)
App 893706 output:     at async cacheEntry.imageResponseCache.get.incrementalCache (/home/parisbe1/public_html/landing-laxzin/node_modules/next/dist/server/next-server.js:182:65)
App 893706 output:     at async /home/parisbe1/public_html/landing-laxzin/node_modules/next/dist/server/response-cache/index.js:90:36
App 893706 output:     at async /home/parisbe1/public_html/landing-laxzin/node_modules/next/dist/lib/batcher.js:45:32 {
App 893706 output:   [cause]: ConnectTimeoutError: Connect Timeout Error (attempted address: admin.parisbeautybd.com:443, timeout: 10000ms)
App 893706 output:       at onConnectTimeout (node:internal/deps/undici/undici:2602:28)
App 893706 output:       at Immediate._onImmediate (node:internal/deps/undici/undici:2583:11)
App 893706 output:       at process.processImmediate (node:internal/timers:491:21) {
App 893706 output:     code: 'UND_ERR_CONNECT_TIMEOUT'
App 893706 output:   }
App 893706 output: }
App 893706 output: TypeError: fetch failed
App 893706 output:     at node:internal/deps/undici/undici:13502:13
App 893706 output:     at processTicksAndRejections (node:internal/process/task_queues:105:5)
App 893706 output:     at runNextTicks (node:internal/process/task_queues:69:3)
App 893706 output:     at process.processImmediate (node:internal/timers:459:9)
App 893706 output:     at async fetchExternalImage (/home/parisbe1/public_html/landing-laxzin/node_modules/next/dist/server/image-optimizer.js:723:17)
App 893706 output:     at async NextNodeServer.imageOptimizer (/home/parisbe1/public_html/landing-laxzin/node_modules/next/dist/server/next-server.js:654:48)
App 893706 output:     at async cacheEntry.imageResponseCache.get.incrementalCache (/home/parisbe1/public_html/landing-laxzin/node_modules/next/dist/server/next-server.js:182:65)
App 893706 output:     at async /home/parisbe1/public_html/landing-laxzin/node_modules/next/dist/server/response-cache/index.js:90:36
App 893706 output:     at async /home/parisbe1/public_html/landing-laxzin/node_modules/next/dist/lib/batcher.js:45:32 {
App 893706 output:   [cause]: ConnectTimeoutError: Connect Timeout Error (attempted address: admin.parisbeautybd.com:443, timeout: 10000ms)
App 893706 output:       at onConnectTimeout (node:internal/deps/undici/undici:2602:28)
App 893706 output:       at Immediate._onImmediate (node:internal/deps/undici/undici:2583:11)
App 893706 output:       at process.processImmediate (node:internal/timers:491:21) {
App 893706 output:     code: 'UND_ERR_CONNECT_TIMEOUT'
App 893706 output:   }
App 893706 output: }
App 893706 output: TypeError: fetch failed
App 893706 output:     at node:internal/deps/undici/undici:13502:13
App 893706 output:     at processTicksAndRejections (node:internal/process/task_queues:105:5)
App 893706 output:     at runNextTicks (node:internal/process/task_queues:69:3)
App 893706 output:     at process.processImmediate (node:internal/timers:459:9)
App 893706 output:     at async fetchExternalImage (/home/parisbe1/public_html/landing-laxzin/node_modules/next/dist/server/image-optimizer.js:723:17)
App 893706 output:     at async NextNodeServer.imageOptimizer (/home/parisbe1/public_html/landing-laxzin/node_modules/next/dist/server/next-server.js:654:48)
App 893706 output:     at async cacheEntry.imageResponseCache.get.incrementalCache (/home/parisbe1/public_html/landing-laxzin/node_modules/next/dist/server/next-server.js:182:65)
App 893706 output:     at async /home/parisbe1/public_html/landing-laxzin/node_modules/next/dist/server/response-cache/index.js:90:36
App 893706 output:     at async /home/parisbe1/public_html/landing-laxzin/node_modules/next/dist/lib/batcher.js:45:32 {
App 893706 output:   [cause]: ConnectTimeoutError: Connect Timeout Error (attempted address: admin.parisbeautybd.com:443, timeout: 10000ms)
App 893706 output:       at onConnectTimeout (node:internal/deps/undici/undici:2602:28)
App 893706 output:       at Immediate._onImmediate (node:internal/deps/undici/undici:2583:11)
App 893706 output:       at process.processImmediate (node:internal/timers:491:21) {
App 893706 output:     code: 'UND_ERR_CONNECT_TIMEOUT'
App 893706 output:   }
App 893706 output: }
App 893706 output:  ⨯ upstream image response failed for https://admin.parisbeautybd.com/storage/product-section/%E0%A6%AC%E0%A7%8D%E0%A6%B0%E0%A6%A3-%E0%A6%93-%E0%A6%AC%E0%A7%8D%E0%A6%B2%E0%A7%8D%E0%A6%AF%E0%A6%BE%E0%A6%95%E0%A6%B9%E0%A7%87%E0%A6%A1%E0%A6%B8-%E0%A6%A6%E0%A7%82%E0%A6%B0-%E0%A6%95%E0%A6%B0%E0%A7%87%E0%A5%A4-1741756686.jpg 404
App 893706 output: ImageError: "url" parameter is valid but upstream response is invalid
App 893706 output:     at fetchExternalImage (/home/parisbe1/public_html/landing-laxzin/node_modules/next/dist/server/image-optimizer.js:726:15)
App 893706 output:     at process.processTicksAndRejections (node:internal/process/task_queues:105:5)
App 893706 output:     at async NextNodeServer.imageOptimizer (/home/parisbe1/public_html/landing-laxzin/node_modules/next/dist/server/next-server.js:654:48)
App 893706 output:     at async cacheEntry.imageResponseCache.get.incrementalCache (/home/parisbe1/public_html/landing-laxzin/node_modules/next/dist/server/next-server.js:182:65)
App 893706 output:     at async /home/parisbe1/public_html/landing-laxzin/node_modules/next/dist/server/response-cache/index.js:90:36
App 893706 output:     at async /home/parisbe1/public_html/landing-laxzin/node_modules/next/dist/lib/batcher.js:45:32 {
App 893706 output:   statusCode: 404
App 893706 output: }
[ N 2025-10-10 05:56:24.8566 892789/T6 age/Cor/SecurityUpdateChecker.h:519 ]: Security update check: no update found (next check in 24 hours)
[ N 2025-10-12 02:56:25.5905 892789/T6 age/Cor/SecurityUpdateChecker.h:519 ]: Security update check: no update found (next check in 24 hours)
[ N 2025-10-12 14:56:26.3210 892789/T6 age/Cor/SecurityUpdateChecker.h:519 ]: Security update check: no update found (next check in 24 hours)
[ N 2025-10-14 02:56:27.0888 892789/T6 age/Cor/SecurityUpdateChecker.h:519 ]: Security update check: no update found (next check in 24 hours)
[ N 2025-10-14 14:56:27.8497 892789/T6 age/Cor/SecurityUpdateChecker.h:519 ]: Security update check: no update found (next check in 24 hours)
[ N 2025-10-16 00:56:29.0700 892789/T6 age/Cor/SecurityUpdateChecker.h:519 ]: Security update check: no update found (next check in 24 hours)
[ N 2025-10-16 12:56:38.8368 892789/T6 age/Cor/SecurityUpdateChecker.h:519 ]: Security update check: no update found (next check in 24 hours)
[ N 2025-10-18 03:56:40.0353 892789/T6 age/Cor/SecurityUpdateChecker.h:519 ]: Security update check: no update found (next check in 24 hours)
[ N 2025-10-18 15:56:41.1730 892789/T6 age/Cor/SecurityUpdateChecker.h:519 ]: Security update check: no update found (next check in 24 hours)
[ N 2025-10-19 18:56:42.3843 892789/T6 age/Cor/SecurityUpdateChecker.h:519 ]: Security update check: no update found (next check in 24 hours)
[ N 2025-10-20 23:56:43.5970 892789/T6 age/Cor/SecurityUpdateChecker.h:519 ]: Security update check: no update found (next check in 24 hours)
[ N 2025-10-21 11:56:44.7598 892789/T6 age/Cor/SecurityUpdateChecker.h:519 ]: Security update check: no update found (next check in 24 hours)
[ N 2025-10-22 04:56:45.9407 892789/T6 age/Cor/SecurityUpdateChecker.h:519 ]: Security update check: no update found (next check in 24 hours)
[ N 2025-10-23 04:56:47.0854 892789/T6 age/Cor/SecurityUpdateChecker.h:519 ]: Security update check: no update found (next check in 24 hours)
App 893706 output:  ⨯ upstream image response failed for https://admin.parisbeautybd.com/storage/product-section/%E0%A6%AC%E0%A7%8D%E0%A6%B0%E0%A6%A3-%E0%A6%93-%E0%A6%AC%E0%A7%8D%E0%A6%B2%E0%A7%8D%E0%A6%AF%E0%A6%BE%E0%A6%95%E0%A6%B9%E0%A7%87%E0%A6%A1%E0%A6%B8-%E0%A6%A6%E0%A7%82%E0%A6%B0-%E0%A6%95%E0%A6%B0%E0%A7%87%E0%A5%A4-1741756686.jpg 404
App 893706 output: ImageError: "url" parameter is valid but upstream response is invalid
App 893706 output:     at fetchExternalImage (/home/parisbe1/public_html/landing-laxzin/node_modules/next/dist/server/image-optimizer.js:726:15)
App 893706 output:     at process.processTicksAndRejections (node:internal/process/task_queues:105:5)
App 893706 output:     at async NextNodeServer.imageOptimizer (/home/parisbe1/public_html/landing-laxzin/node_modules/next/dist/server/next-server.js:654:48)
App 893706 output:     at async cacheEntry.imageResponseCache.get.incrementalCache (/home/parisbe1/public_html/landing-laxzin/node_modules/next/dist/server/next-server.js:182:65)
App 893706 output:     at async /home/parisbe1/public_html/landing-laxzin/node_modules/next/dist/server/response-cache/index.js:90:36
App 893706 output:     at async /home/parisbe1/public_html/landing-laxzin/node_modules/next/dist/lib/batcher.js:45:32 {
App 893706 output:   statusCode: 404
App 893706 output: }
[ N 2025-10-24 23:56:48.2783 892789/T6 age/Cor/SecurityUpdateChecker.h:519 ]: Security update check: no update found (next check in 24 hours)
[ N 2025-10-25 14:56:49.4675 892789/T6 age/Cor/SecurityUpdateChecker.h:519 ]: Security update check: no update found (next check in 24 hours)
[ N 2025-10-26 12:56:50.6341 892789/T6 age/Cor/SecurityUpdateChecker.h:519 ]: Security update check: no update found (next check in 24 hours)
[ N 2025-10-27 11:56:52.4547 892789/T6 age/Cor/SecurityUpdateChecker.h:519 ]: Security update check: no update found (next check in 24 hours)
[ E 2025-10-27 15:34:58.7110 892789/T7 age/Cor/TelemetryCollector.h:627 ]: Error from anonymous telemetry server: response status not supported: 503
[ N 2025-10-29 02:56:53.6313 892789/T6 age/Cor/SecurityUpdateChecker.h:519 ]: Security update check: no update found (next check in 24 hours)
[ N 2025-10-30 03:56:54.4536 892789/T6 age/Cor/SecurityUpdateChecker.h:519 ]: Security update check: no update found (next check in 24 hours)
[ N 2025-10-31 02:56:55.2705 892789/T6 age/Cor/SecurityUpdateChecker.h:519 ]: Security update check: no update found (next check in 24 hours)
[ N 2025-10-31 14:56:56.1587 892789/T6 age/Cor/SecurityUpdateChecker.h:519 ]: Security update check: no update found (next check in 24 hours)
[ N 2025-11-01 11:56:56.9853 892789/T6 age/Cor/SecurityUpdateChecker.h:519 ]: Security update check: no update found (next check in 24 hours)
App 893706 output:  ⨯ upstream image response failed for https://admin.parisbeautybd.com/storage/product-section/%E0%A6%AC%E0%A7%8D%E0%A6%B0%E0%A6%A3-%E0%A6%93-%E0%A6%AC%E0%A7%8D%E0%A6%B2%E0%A7%8D%E0%A6%AF%E0%A6%BE%E0%A6%95%E0%A6%B9%E0%A7%87%E0%A6%A1%E0%A6%B8-%E0%A6%A6%E0%A7%82%E0%A6%B0-%E0%A6%95%E0%A6%B0%E0%A7%87%E0%A5%A4-1741756686.jpg 404
App 893706 output: ImageError: "url" parameter is valid but upstream response is invalid
App 893706 output:     at fetchExternalImage (/home/parisbe1/public_html/landing-laxzin/node_modules/next/dist/server/image-optimizer.js:726:15)
App 893706 output:     at process.processTicksAndRejections (node:internal/process/task_queues:105:5)
App 893706 output:     at async NextNodeServer.imageOptimizer (/home/parisbe1/public_html/landing-laxzin/node_modules/next/dist/server/next-server.js:654:48)
App 893706 output:     at async cacheEntry.imageResponseCache.get.incrementalCache (/home/parisbe1/public_html/landing-laxzin/node_modules/next/dist/server/next-server.js:182:65)
App 893706 output:     at async /home/parisbe1/public_html/landing-laxzin/node_modules/next/dist/server/response-cache/index.js:90:36
App 893706 output:     at async /home/parisbe1/public_html/landing-laxzin/node_modules/next/dist/lib/batcher.js:45:32 {
App 893706 output:   statusCode: 404
App 893706 output: }
App 893706 output:  ⨯ upstream image response failed for https://admin.parisbeautybd.com/storage/product-section/%E0%A6%AC%E0%A7%8D%E0%A6%B0%E0%A6%A3-%E0%A6%93-%E0%A6%AC%E0%A7%8D%E0%A6%B2%E0%A7%8D%E0%A6%AF%E0%A6%BE%E0%A6%95%E0%A6%B9%E0%A7%87%E0%A6%A1%E0%A6%B8-%E0%A6%A6%E0%A7%82%E0%A6%B0-%E0%A6%95%E0%A6%B0%E0%A7%87%E0%A5%A4-1741756686.jpg 404
App 893706 output: ImageError: "url" parameter is valid but upstream response is invalid
App 893706 output:     at fetchExternalImage (/home/parisbe1/public_html/landing-laxzin/node_modules/next/dist/server/image-optimizer.js:726:15)
App 893706 output:     at process.processTicksAndRejections (node:internal/process/task_queues:105:5)
App 893706 output:     at async NextNodeServer.imageOptimizer (/home/parisbe1/public_html/landing-laxzin/node_modules/next/dist/server/next-server.js:654:48)
App 893706 output:     at async cacheEntry.imageResponseCache.get.incrementalCache (/home/parisbe1/public_html/landing-laxzin/node_modules/next/dist/server/next-server.js:182:65)
App 893706 output:     at async /home/parisbe1/public_html/landing-laxzin/node_modules/next/dist/server/response-cache/index.js:90:36
App 893706 output:     at async /home/parisbe1/public_html/landing-laxzin/node_modules/next/dist/lib/batcher.js:45:32 {
App 893706 output:   statusCode: 404
App 893706 output: }
[ N 2025-11-02 13:56:57.8348 892789/T6 age/Cor/SecurityUpdateChecker.h:519 ]: Security update check: no update found (next check in 24 hours)
App 893706 output:  ⨯ upstream image response failed for https://admin.parisbeautybd.com/storage/product-section/%E0%A6%AC%E0%A7%8D%E0%A6%B0%E0%A6%A3-%E0%A6%93-%E0%A6%AC%E0%A7%8D%E0%A6%B2%E0%A7%8D%E0%A6%AF%E0%A6%BE%E0%A6%95%E0%A6%B9%E0%A7%87%E0%A6%A1%E0%A6%B8-%E0%A6%A6%E0%A7%82%E0%A6%B0-%E0%A6%95%E0%A6%B0%E0%A7%87%E0%A5%A4-1741756686.jpg 404
App 893706 output: ImageError: "url" parameter is valid but upstream response is invalid
App 893706 output:     at fetchExternalImage (/home/parisbe1/public_html/landing-laxzin/node_modules/next/dist/server/image-optimizer.js:726:15)
App 893706 output:     at process.processTicksAndRejections (node:internal/process/task_queues:105:5)
App 893706 output:     at async NextNodeServer.imageOptimizer (/home/parisbe1/public_html/landing-laxzin/node_modules/next/dist/server/next-server.js:654:48)
App 893706 output:     at async cacheEntry.imageResponseCache.get.incrementalCache (/home/parisbe1/public_html/landing-laxzin/node_modules/next/dist/server/next-server.js:182:65)
App 893706 output:     at async /home/parisbe1/public_html/landing-laxzin/node_modules/next/dist/server/response-cache/index.js:90:36
App 893706 output:     at async /home/parisbe1/public_html/landing-laxzin/node_modules/next/dist/lib/batcher.js:45:32 {
App 893706 output:   statusCode: 404
App 893706 output: }
[ N 2025-11-03 16:56:58.6430 892789/T6 age/Cor/SecurityUpdateChecker.h:519 ]: Security update check: no update found (next check in 24 hours)
[ N 2025-11-04 12:56:59.5055 892789/T6 age/Cor/SecurityUpdateChecker.h:519 ]: Security update check: no update found (next check in 24 hours)
[ N 2025-11-05 06:57:00.3603 892789/T6 age/Cor/SecurityUpdateChecker.h:519 ]: Security update check: no update found (next check in 24 hours)
[ N 2025-11-06 06:57:01.1780 892789/T6 age/Cor/SecurityUpdateChecker.h:519 ]: Security update check: no update found (next check in 24 hours)
[ N 2025-11-07 22:57:02.0567 892789/T6 age/Cor/SecurityUpdateChecker.h:519 ]: Security update check: no update found (next check in 24 hours)
[ N 2025-11-08 10:57:02.8713 892789/T6 age/Cor/SecurityUpdateChecker.h:519 ]: Security update check: no update found (next check in 24 hours)
[ N 2025-11-09 08:57:03.7076 892789/T6 age/Cor/SecurityUpdateChecker.h:519 ]: Security update check: no update found (next check in 24 hours)
[ N 2025-11-10 22:57:04.5171 892789/T6 age/Cor/SecurityUpdateChecker.h:519 ]: Security update check: no update found (next check in 24 hours)
[ N 2025-11-11 13:57:05.3501 892789/T6 age/Cor/SecurityUpdateChecker.h:519 ]: Security update check: no update found (next check in 24 hours)
[ N 2025-11-12 08:57:06.2837 892789/T6 age/Cor/SecurityUpdateChecker.h:519 ]: Security update check: no update found (next check in 24 hours)
[ N 2025-11-13 05:57:07.1236 892789/T6 age/Cor/SecurityUpdateChecker.h:519 ]: Security update check: no update found (next check in 24 hours)
[ N 2025-11-14 20:57:07.9042 892789/T6 age/Cor/SecurityUpdateChecker.h:519 ]: Security update check: no update found (next check in 24 hours)
[ N 2025-11-15 19:57:08.6893 892789/T6 age/Cor/SecurityUpdateChecker.h:519 ]: Security update check: no update found (next check in 24 hours)
[ N 2025-11-16 17:57:09.4354 892789/T6 age/Cor/SecurityUpdateChecker.h:519 ]: Security update check: no update found (next check in 24 hours)
[ N 2025-11-17 11:57:10.1652 892789/T6 age/Cor/SecurityUpdateChecker.h:519 ]: Security update check: no update found (next check in 24 hours)
[ N 2025-11-18 19:57:10.9276 892789/T6 age/Cor/SecurityUpdateChecker.h:519 ]: Security update check: no update found (next check in 24 hours)
[ N 2025-11-19 10:57:11.6877 892789/T6 age/Cor/SecurityUpdateChecker.h:519 ]: Security update check: no update found (next check in 24 hours)
[ N 2025-11-20 10:57:12.4199 892789/T6 age/Cor/SecurityUpdateChecker.h:519 ]: Security update check: no update found (next check in 24 hours)
[ N 2025-11-21 18:57:13.2399 892789/T6 age/Cor/SecurityUpdateChecker.h:519 ]: Security update check: no update found (next check in 24 hours)
[ N 2025-11-22 16:57:14.0124 892789/T6 age/Cor/SecurityUpdateChecker.h:519 ]: Security update check: no update found (next check in 24 hours)
[ N 2025-11-23 14:57:14.7923 892789/T6 age/Cor/SecurityUpdateChecker.h:519 ]: Security update check: no update found (next check in 24 hours)
[ N 2025-11-24 14:57:15.6121 892789/T6 age/Cor/SecurityUpdateChecker.h:519 ]: Security update check: no update found (next check in 24 hours)
[ N 2025-11-25 11:57:16.3377 892789/T6 age/Cor/SecurityUpdateChecker.h:519 ]: Security update check: no update found (next check in 24 hours)
[ N 2025-11-26 18:57:17.1068 892789/T6 age/Cor/SecurityUpdateChecker.h:519 ]: Security update check: no update found (next check in 24 hours)
[ N 2025-11-28 04:57:17.8744 892789/T6 age/Cor/SecurityUpdateChecker.h:519 ]: Security update check: no update found (next check in 24 hours)
[ N 2025-11-29 03:57:18.6252 892789/T6 age/Cor/SecurityUpdateChecker.h:519 ]: Security update check: no update found (next check in 24 hours)
[ N 2025-11-30 02:57:19.3605 892789/T6 age/Cor/SecurityUpdateChecker.h:519 ]: Security update check: no update found (next check in 24 hours)
[ N 2025-12-01 00:57:20.1057 892789/T6 age/Cor/SecurityUpdateChecker.h:519 ]: Security update check: no update found (next check in 24 hours)
[ N 2025-12-01 20:57:20.9376 892789/T6 age/Cor/SecurityUpdateChecker.h:519 ]: Security update check: no update found (next check in 24 hours)
[ N 2025-12-02 17:57:21.6588 892789/T6 age/Cor/SecurityUpdateChecker.h:519 ]: Security update check: no update found (next check in 24 hours)
[ N 2025-12-03 14:57:22.4276 892789/T6 age/Cor/SecurityUpdateChecker.h:519 ]: Security update check: no update found (next check in 24 hours)
[ N 2025-12-04 08:57:23.1419 892789/T6 age/Cor/SecurityUpdateChecker.h:519 ]: Security update check: no update found (next check in 24 hours)
[ N 2025-12-05 06:57:23.9094 892789/T6 age/Cor/SecurityUpdateChecker.h:519 ]: Security update check: no update found (next check in 24 hours)
[ N 2025-12-06 05:57:24.6373 892789/T6 age/Cor/SecurityUpdateChecker.h:519 ]: Security update check: no update found (next check in 24 hours)
[ N 2025-12-07 05:57:25.4332 892789/T6 age/Cor/SecurityUpdateChecker.h:519 ]: Security update check: no update found (next check in 24 hours)
[ N 2025-12-08 20:57:26.3101 892789/T6 age/Cor/SecurityUpdateChecker.h:519 ]: Security update check: no update found (next check in 24 hours)
[ N 2025-12-10 04:57:27.1146 892789/T6 age/Cor/SecurityUpdateChecker.h:519 ]: Security update check: no update found (next check in 24 hours)
[ N 2025-12-11 03:57:27.9126 892789/T6 age/Cor/SecurityUpdateChecker.h:519 ]: Security update check: no update found (next check in 24 hours)
[ N 2025-12-11 15:57:28.7032 892789/T6 age/Cor/SecurityUpdateChecker.h:519 ]: Security update check: no update found (next check in 24 hours)
[ N 2025-12-12 09:57:29.5184 892789/T6 age/Cor/SecurityUpdateChecker.h:519 ]: Security update check: no update found (next check in 24 hours)
[ N 2025-12-13 15:57:30.3404 892789/T6 age/Cor/SecurityUpdateChecker.h:519 ]: Security update check: no update found (next check in 24 hours)
[ N 2025-12-14 17:57:31.1266 892789/T6 age/Cor/SecurityUpdateChecker.h:519 ]: Security update check: no update found (next check in 24 hours)
[ N 2025-12-15 22:57:31.8966 892789/T6 age/Cor/SecurityUpdateChecker.h:519 ]: Security update check: no update found (next check in 24 hours)
[ N 2025-12-16 21:57:32.8966 892789/T6 age/Cor/SecurityUpdateChecker.h:519 ]: Security update check: no update found (next check in 24 hours)
[ N 2025-12-17 14:57:33.6588 892789/T6 age/Cor/SecurityUpdateChecker.h:519 ]: Security update check: no update found (next check in 24 hours)
