upstream image response failed for https://admin.parisbeautybd.com/storage/undefined 404
upstream image response failed for https://admin.parisbeautybd.com/storage/undefined 404
upstream image response failed for https://admin.parisbeautybd.com/storage/undefined 404
upstream image response failed for https://admin.parisbeautybd.com/storage/undefined 404
upstream image response failed for https://admin.parisbeautybd.com/storage/undefined 404
upstream image response failed for https://admin.parisbeautybd.com/storage/undefined 404
upstream image response failed for https://admin.parisbeautybd.com/storage/undefined 404
upstream image response failed for https://admin.parisbeautybd.com/storage/undefined 404
upstream image response failed for https://admin.parisbeautybd.com/storage/undefined 404
upstream image response failed for https://admin.parisbeautybd.com/storage/undefined 404
upstream image response failed for https://admin.parisbeautybd.com/storage/undefined 404
upstream image response failed for https://admin.parisbeautybd.com/storage/undefined 404
upstream image response failed for https://admin.parisbeautybd.com/storage/undefined 404
upstream image response failed for https://admin.parisbeautybd.com/storage/undefined 404
upstream image response failed for https://admin.parisbeautybd.com/storage/undefined 404
upstream image response failed for https://admin.parisbeautybd.com/storage/undefined 404
upstream image response failed for https://admin.parisbeautybd.com/storage/undefined 404
upstream image response failed for https://admin.parisbeautybd.com/storage/undefined 404
upstream image response failed for https://admin.parisbeautybd.com/storage/undefined 404
upstream image response failed for https://admin.parisbeautybd.com/storage/undefined 404
upstream image response failed for https://admin.parisbeautybd.com/storage/undefined 404
upstream image response failed for https://admin.parisbeautybd.com/storage/undefined 404
upstream image response failed for https://admin.parisbeautybd.com/storage/undefined 404
upstream image response failed for https://admin.parisbeautybd.com/storage/undefined 404
upstream image response failed for https://admin.parisbeautybd.com/storage/undefined 404
upstream image response failed for https://admin.parisbeautybd.com/storage/undefined 404
upstream image response failed for https://admin.parisbeautybd.com/storage/undefined 404
upstream image response failed for https://admin.parisbeautybd.com/storage/undefined 404
upstream image response failed for https://admin.parisbeautybd.com/storage/undefined 404
upstream image response failed for https://admin.parisbeautybd.com/storage/product/CARE-NEL-Dr.-Skin-AHA%C2%B7BHA-Peeling-Serum-30ml-1-576173.jpg 404
upstream image response failed for https://admin.parisbeautybd.com/storage/product/fdsdffasdfasdfasf-300361.jpg 404
upstream image response failed for https://admin.parisbeautybd.com/storage/product/fsfsfasffdsfas-868947.png 404
upstream image response failed for https://admin.parisbeautybd.com/storage/product/fafafasfa-179166.jpg 404
upstream image response failed for https://admin.parisbeautybd.com/storage/product/gsdggsds-200606.jpg 404
upstream image response failed for https://admin.parisbeautybd.com/storage/undefined 404
upstream image response failed for https://admin.parisbeautybd.com/storage/undefined 404
upstream image response failed for https://admin.parisbeautybd.com/storage/undefined 404
upstream image response failed for https://admin.parisbeautybd.com/storage/undefined 404
upstream image response failed for https://admin.parisbeautybd.com/storage/product/CARE-NEL-Dr.-Skin-AHA%C2%B7BHA-Peeling-Serum-30ml-1-576173.jpg 404
upstream image response failed for https://admin.parisbeautybd.com/storage/product/gsdggsds-200606.jpg 404
upstream image response failed for https://admin.parisbeautybd.com/storage/product/fafafasfa-179166.jpg 404
upstream image response failed for https://admin.parisbeautybd.com/storage/product/fdsdffasdfasdfasf-300361.jpg 404
upstream image response failed for https://admin.parisbeautybd.com/storage/product/fsfsfasffdsfas-868947.png 404
upstream image response failed for https://admin.parisbeautybd.com/storage/undefined 404
upstream image response failed for https://admin.parisbeautybd.com/storage/undefined 404
upstream image response failed for https://admin.parisbeautybd.com/storage/product/6151470071222737355281990066897355888493105390n-994211.jpg 404
upstream image response failed for https://admin.parisbeautybd.com/storage/product/6158670611222737355521990065253113542905056939n-581900.jpg 404
upstream image response failed for https://admin.parisbeautybd.com/storage/product/6152132481222737354681990064414031954222568441n-856012.jpg 404
upstream image response failed for https://admin.parisbeautybd.com/storage/product/614226978122273735570199006969781974238107030n-574727.jpg 404
upstream image response failed for https://admin.parisbeautybd.com/storage/product/61590682512227373545019900680787664010359755n-659774.jpg 404
upstream image response failed for https://admin.parisbeautybd.com/storage/product/6151951091222737355641990063426048843333009539n-935286.jpg 404
upstream image response failed for https://admin.parisbeautybd.com/storage/product/6152140071222737355821990067518024570358096162n-801123.jpg 404
upstream image response failed for https://admin.parisbeautybd.com/storage/product/fsfsfasffdsfas-868947.png 404
upstream image response failed for https://admin.parisbeautybd.com/storage/product/fafafasfa-179166.jpg 404
upstream image response failed for https://admin.parisbeautybd.com/storage/product/fdsdffasdfasdfasf-300361.jpg 404
upstream image response failed for https://admin.parisbeautybd.com/storage/undefined 404
upstream image response failed for https://admin.parisbeautybd.com/storage/product/6151470071222737355281990066897355888493105390n-994211.jpg 404
upstream image response failed for https://admin.parisbeautybd.com/storage/product/6158670611222737355521990065253113542905056939n-581900.jpg 404
upstream image response failed for https://admin.parisbeautybd.com/storage/product/61590682512227373545019900680787664010359755n-659774.jpg 404
upstream image response failed for https://admin.parisbeautybd.com/storage/product/6151951091222737355641990063426048843333009539n-935286.jpg 404
upstream image response failed for https://admin.parisbeautybd.com/storage/product/614226978122273735570199006969781974238107030n-574727.jpg 404
upstream image response failed for https://admin.parisbeautybd.com/storage/product/6152132481222737354681990064414031954222568441n-856012.jpg 404
upstream image response failed for https://admin.parisbeautybd.com/storage/product/6152140071222737355821990067518024570358096162n-801123.jpg 404
upstream image response failed for https://admin.parisbeautybd.com/storage/product/fafafasfa-179166.jpg 404
upstream image response failed for https://admin.parisbeautybd.com/storage/product/fdsdffasdfasdfasf-300361.jpg 404
upstream image response failed for https://admin.parisbeautybd.com/storage/product/fsfsfasffdsfas-868947.png 404
upstream image response failed for https://admin.parisbeautybd.com/storage/undefined 404
upstream image response failed for https://admin.parisbeautybd.com/storage/undefined 404
upstream image response failed for https://admin.parisbeautybd.com/storage/product/61590682512227373545019900680787664010359755n-659774.jpg 404
upstream image response failed for https://admin.parisbeautybd.com/storage/product/6158670611222737355521990065253113542905056939n-581900.jpg 404
upstream image response failed for https://admin.parisbeautybd.com/storage/product/6152132481222737354681990064414031954222568441n-856012.jpg 404
upstream image response failed for https://admin.parisbeautybd.com/storage/product/614226978122273735570199006969781974238107030n-574727.jpg 404
upstream image response failed for https://admin.parisbeautybd.com/storage/product/6151951091222737355641990063426048843333009539n-935286.jpg 404
upstream image response failed for https://admin.parisbeautybd.com/storage/product/6152140071222737355821990067518024570358096162n-801123.jpg 404
upstream image response failed for https://admin.parisbeautybd.com/storage/product/6151470071222737355281990066897355888493105390n-994211.jpg 404
upstream image response failed for https://admin.parisbeautybd.com/storage/undefined 404
upstream image response failed for https://admin.parisbeautybd.com/storage/product/undefined 404
upstream image response failed for https://admin.parisbeautybd.com/storage/undefined 404
upstream image response failed for https://admin.parisbeautybd.com/storage/undefined 404
upstream image response failed for https://admin.parisbeautybd.com/storage/undefined 404
upstream image response failed for https://admin.parisbeautybd.com/storage/undefined 404
upstream image response failed for https://admin.parisbeautybd.com/storage/undefined 404
upstream image response failed for https://admin.parisbeautybd.com/storage/product/6151951091222737355641990063426048843333009539n-935286.jpg 404
upstream image response failed for https://admin.parisbeautybd.com/storage/product/6152132481222737354681990064414031954222568441n-856012.jpg 404
upstream image response failed for https://admin.parisbeautybd.com/storage/product/61590682512227373545019900680787664010359755n-659774.jpg 404
upstream image response failed for https://admin.parisbeautybd.com/storage/product/6158670611222737355521990065253113542905056939n-581900.jpg 404
upstream image response failed for https://admin.parisbeautybd.com/storage/product/6151470071222737355281990066897355888493105390n-994211.jpg 404
upstream image response failed for https://admin.parisbeautybd.com/storage/product/614226978122273735570199006969781974238107030n-574727.jpg 404
upstream image response failed for https://admin.parisbeautybd.com/storage/product/6152140071222737355821990067518024570358096162n-801123.jpg 404
upstream image response failed for https://admin.parisbeautybd.com/storage/product/fsfsfasffdsfas-868947.png 404
upstream image response failed for https://admin.parisbeautybd.com/storage/product/fdsdffasdfasdfasf-300361.jpg 404
upstream image response failed for https://admin.parisbeautybd.com/storage/product/fafafasfa-179166.jpg 404
upstream image response failed for https://admin.parisbeautybd.com/storage/undefined 404
upstream image response failed for https://admin.parisbeautybd.com/storage/undefined 404
upstream image response failed for https://admin.parisbeautybd.com/storage/undefined 404
upstream image response failed for https://admin.parisbeautybd.com/storage/undefined 404
upstream image response failed for https://admin.parisbeautybd.com/storage/undefined 404
upstream image response failed for https://admin.parisbeautybd.com/storage/undefined 404
upstream image response failed for https://admin.parisbeautybd.com/storage/undefined 404
upstream image response failed for https://admin.parisbeautybd.com/storage/undefined 404
upstream image response failed for https://admin.parisbeautybd.com/storage/product/6152132481222737354681990064414031954222568441n-856012.jpg 404
upstream image response failed for https://admin.parisbeautybd.com/storage/product/614226978122273735570199006969781974238107030n-574727.jpg 404
upstream image response failed for https://admin.parisbeautybd.com/storage/product/6152140071222737355821990067518024570358096162n-801123.jpg 404
upstream image response failed for https://admin.parisbeautybd.com/storage/product/61590682512227373545019900680787664010359755n-659774.jpg 404
upstream image response failed for https://admin.parisbeautybd.com/storage/product/6151951091222737355641990063426048843333009539n-935286.jpg 404
upstream image response failed for https://admin.parisbeautybd.com/storage/product/6158670611222737355521990065253113542905056939n-581900.jpg 404
upstream image response failed for https://admin.parisbeautybd.com/storage/product/6151470071222737355281990066897355888493105390n-994211.jpg 404
upstream image response failed for https://admin.parisbeautybd.com/storage/undefined 404
upstream image response failed for https://admin.parisbeautybd.com/storage/undefined 404
upstream image response failed for https://admin.parisbeautybd.com/storage/undefined 404
upstream image response failed for https://admin.parisbeautybd.com/storage/undefined 404
upstream image response failed for https://admin.parisbeautybd.com/storage/undefined 404
upstream image response failed for https://admin.parisbeautybd.com/storage/undefined 404
upstream image response failed for https://admin.parisbeautybd.com/storage/undefined 404
upstream image response failed for https://admin.parisbeautybd.com/storage/undefined 404
upstream image response failed for https://admin.parisbeautybd.com/storage/undefined 404
upstream image response failed for https://admin.parisbeautybd.com/storage/undefined 404
upstream image response failed for https://admin.parisbeautybd.com/storage/undefined 404
upstream image response failed for https://admin.parisbeautybd.com/storage/undefined 404
upstream image response failed for https://admin.parisbeautybd.com/storage/undefined 404
upstream image response failed for https://admin.parisbeautybd.com/storage/undefined 404
upstream image response failed for https://admin.parisbeautybd.com/storage/product/6152140071222737355821990067518024570358096162n-801123.jpg 404
upstream image response failed for https://admin.parisbeautybd.com/storage/product/6158670611222737355521990065253113542905056939n-581900.jpg 404
upstream image response failed for https://admin.parisbeautybd.com/storage/product/6151470071222737355281990066897355888493105390n-994211.jpg 404
upstream image response failed for https://admin.parisbeautybd.com/storage/product/6152132481222737354681990064414031954222568441n-856012.jpg 404
upstream image response failed for https://admin.parisbeautybd.com/storage/product/6151951091222737355641990063426048843333009539n-935286.jpg 404
upstream image response failed for https://admin.parisbeautybd.com/storage/product/614226978122273735570199006969781974238107030n-574727.jpg 404
upstream image response failed for https://admin.parisbeautybd.com/storage/product/61590682512227373545019900680787664010359755n-659774.jpg 404
upstream image response failed for https://admin.parisbeautybd.com/storage/product/fdsdffasdfasdfasf-300361.jpg 404
upstream image response failed for https://admin.parisbeautybd.com/storage/product/fsfsfasffdsfas-868947.png 404
upstream image response failed for https://admin.parisbeautybd.com/storage/product/fafafasfa-179166.jpg 404
upstream image response failed for https://admin.parisbeautybd.com/storage/undefined 404
upstream image response failed for https://admin.parisbeautybd.com/storage/product/6152140071222737355821990067518024570358096162n-801123.jpg 404
upstream image response failed for https://admin.parisbeautybd.com/storage/product/6158670611222737355521990065253113542905056939n-581900.jpg 404
upstream image response failed for https://admin.parisbeautybd.com/storage/product/6152132481222737354681990064414031954222568441n-856012.jpg 404
upstream image response failed for https://admin.parisbeautybd.com/storage/product/614226978122273735570199006969781974238107030n-574727.jpg 404
upstream image response failed for https://admin.parisbeautybd.com/storage/product/6151951091222737355641990063426048843333009539n-935286.jpg 404
upstream image response failed for https://admin.parisbeautybd.com/storage/product/6151470071222737355281990066897355888493105390n-994211.jpg 404
upstream image response failed for https://admin.parisbeautybd.com/storage/product/61590682512227373545019900680787664010359755n-659774.jpg 404
upstream image response failed for https://admin.parisbeautybd.com/storage/product/fafafasfa-179166.jpg 404
upstream image response failed for https://admin.parisbeautybd.com/storage/product/fdsdffasdfasdfasf-300361.jpg 404
upstream image response failed for https://admin.parisbeautybd.com/storage/product/fsfsfasffdsfas-868947.png 404
upstream image response failed for https://admin.parisbeautybd.com/storage/undefined 404
upstream image response failed for https://admin.parisbeautybd.com/storage/undefined 404
upstream image response failed for https://admin.parisbeautybd.com/storage/undefined 404
upstream image response failed for https://admin.parisbeautybd.com/storage/undefined 404
upstream image response failed for https://admin.parisbeautybd.com/storage/undefined 404
upstream image response failed for https://admin.parisbeautybd.com/storage/undefined 404
upstream image response failed for https://admin.parisbeautybd.com/storage/undefined 404
upstream image response failed for https://admin.parisbeautybd.com/storage/undefined 404
upstream image response failed for https://admin.parisbeautybd.com/storage/undefined 404
upstream image response failed for https://admin.parisbeautybd.com/storage/undefined 404
upstream image response failed for https://admin.parisbeautybd.com/storage/undefined 404
upstream image response failed for https://admin.parisbeautybd.com/storage/undefined 404
upstream image response failed for https://admin.parisbeautybd.com/storage/undefined 404
upstream image response failed for https://admin.parisbeautybd.com/storage/product/6152132481222737354681990064414031954222568441n-856012.jpg 404
upstream image response failed for https://admin.parisbeautybd.com/storage/product/6151951091222737355641990063426048843333009539n-935286.jpg 404
upstream image response failed for https://admin.parisbeautybd.com/storage/product/6151470071222737355281990066897355888493105390n-994211.jpg 404
upstream image response failed for https://admin.parisbeautybd.com/storage/product/61590682512227373545019900680787664010359755n-659774.jpg 404
upstream image response failed for https://admin.parisbeautybd.com/storage/product/6158670611222737355521990065253113542905056939n-581900.jpg 404
upstream image response failed for https://admin.parisbeautybd.com/storage/product/614226978122273735570199006969781974238107030n-574727.jpg 404
upstream image response failed for https://admin.parisbeautybd.com/storage/product/6152140071222737355821990067518024570358096162n-801123.jpg 404
upstream image response failed for https://admin.parisbeautybd.com/storage/product/fafafasfa-179166.jpg 404
upstream image response failed for https://admin.parisbeautybd.com/storage/product/fdsdffasdfasdfasf-300361.jpg 404
upstream image response failed for https://admin.parisbeautybd.com/storage/product/fsfsfasffdsfas-868947.png 404
upstream image response failed for https://admin.parisbeautybd.com/storage/undefined 404
upstream image response failed for https://admin.parisbeautybd.com/storage/product/6151470071222737355281990066897355888493105390n-994211.jpg 404
upstream image response failed for https://admin.parisbeautybd.com/storage/product/61590682512227373545019900680787664010359755n-659774.jpg 404
upstream image response failed for https://admin.parisbeautybd.com/storage/product/6152132481222737354681990064414031954222568441n-856012.jpg 404
upstream image response failed for https://admin.parisbeautybd.com/storage/product/614226978122273735570199006969781974238107030n-574727.jpg 404
upstream image response failed for https://admin.parisbeautybd.com/storage/product/6152140071222737355821990067518024570358096162n-801123.jpg 404
upstream image response failed for https://admin.parisbeautybd.com/storage/product/6151951091222737355641990063426048843333009539n-935286.jpg 404
upstream image response failed for https://admin.parisbeautybd.com/storage/product/6158670611222737355521990065253113542905056939n-581900.jpg 404
upstream image response failed for https://admin.parisbeautybd.com/storage/product/fdsdffasdfasdfasf-300361.jpg 404
upstream image response failed for https://admin.parisbeautybd.com/storage/product/fsfsfasffdsfas-868947.png 404
upstream image response failed for https://admin.parisbeautybd.com/storage/product/fafafasfa-179166.jpg 404
upstream image response failed for https://admin.parisbeautybd.com/storage/undefined 404
upstream image response failed for https://admin.parisbeautybd.com/storage/undefined 404
upstream image response failed for https://admin.parisbeautybd.com/storage/undefined 404
upstream image response failed for https://admin.parisbeautybd.com/storage/undefined 404
upstream image response failed for https://admin.parisbeautybd.com/storage/undefined 404
upstream image response failed for https://admin.parisbeautybd.com/storage/undefined 404
upstream image response failed for https://admin.parisbeautybd.com/storage/product/61590682512227373545019900680787664010359755n-659774.jpg 404
upstream image response failed for https://admin.parisbeautybd.com/storage/product/614226978122273735570199006969781974238107030n-574727.jpg 404
upstream image response failed for https://admin.parisbeautybd.com/storage/product/6151470071222737355281990066897355888493105390n-994211.jpg 404
upstream image response failed for https://admin.parisbeautybd.com/storage/product/6158670611222737355521990065253113542905056939n-581900.jpg 404
upstream image response failed for https://admin.parisbeautybd.com/storage/product/6151951091222737355641990063426048843333009539n-935286.jpg 404
upstream image response failed for https://admin.parisbeautybd.com/storage/product/6152132481222737354681990064414031954222568441n-856012.jpg 404
upstream image response failed for https://admin.parisbeautybd.com/storage/product/6152140071222737355821990067518024570358096162n-801123.jpg 404
upstream image response failed for https://admin.parisbeautybd.com/storage/product/fafafasfa-179166.jpg 404
upstream image response failed for https://admin.parisbeautybd.com/storage/product/fdsdffasdfasdfasf-300361.jpg 404
upstream image response failed for https://admin.parisbeautybd.com/storage/product/fsfsfasffdsfas-868947.png 404
upstream image response failed for https://admin.parisbeautybd.com/storage/undefined 404
upstream image response failed for https://admin.parisbeautybd.com/storage/undefined 404
upstream image response failed for https://admin.parisbeautybd.com/storage/undefined 404
upstream image response failed for https://admin.parisbeautybd.com/storage/undefined 404
upstream image response failed for https://admin.parisbeautybd.com/storage/undefined 404
upstream image response failed for https://admin.parisbeautybd.com/storage/undefined 404
upstream image response failed for https://admin.parisbeautybd.com/storage/product/6152140071222737355821990067518024570358096162n-801123.jpg 404
upstream image response failed for https://admin.parisbeautybd.com/storage/product/61590682512227373545019900680787664010359755n-659774.jpg 404
upstream image response failed for https://admin.parisbeautybd.com/storage/product/6151470071222737355281990066897355888493105390n-994211.jpg 404
upstream image response failed for https://admin.parisbeautybd.com/storage/product/6151951091222737355641990063426048843333009539n-935286.jpg 404
upstream image response failed for https://admin.parisbeautybd.com/storage/product/6152132481222737354681990064414031954222568441n-856012.jpg 404
upstream image response failed for https://admin.parisbeautybd.com/storage/product/6158670611222737355521990065253113542905056939n-581900.jpg 404
upstream image response failed for https://admin.parisbeautybd.com/storage/product/614226978122273735570199006969781974238107030n-574727.jpg 404
upstream image response failed for https://admin.parisbeautybd.com/storage/product/fafafasfa-179166.jpg 404
upstream image response failed for https://admin.parisbeautybd.com/storage/product/fsfsfasffdsfas-868947.png 404
upstream image response failed for https://admin.parisbeautybd.com/storage/product/fdsdffasdfasdfasf-300361.jpg 404
upstream image response failed for https://admin.parisbeautybd.com/storage/undefined 404
upstream image response failed for https://admin.parisbeautybd.com/storage/undefined 404
upstream image response failed for https://admin.parisbeautybd.com/storage/undefined 404
upstream image response failed for https://admin.parisbeautybd.com/storage/undefined 404
upstream image response failed for https://admin.parisbeautybd.com/storage/undefined 404
upstream image response failed for https://admin.parisbeautybd.com/storage/undefined 404
upstream image response failed for https://admin.parisbeautybd.com/storage/undefined 404
upstream image response failed for https://admin.parisbeautybd.com/storage/undefined 404
upstream image response failed for https://admin.parisbeautybd.com/storage/undefined 404
upstream image response failed for https://admin.parisbeautybd.com/storage/undefined 404
upstream image response failed for https://admin.parisbeautybd.com/storage/undefined 404
upstream image response failed for https://admin.parisbeautybd.com/storage/undefined 404
upstream image response failed for https://admin.parisbeautybd.com/storage/undefined 404
upstream image response failed for https://admin.parisbeautybd.com/storage/undefined 404
upstream image response failed for https://admin.parisbeautybd.com/storage/undefined 404
upstream image response failed for https://admin.parisbeautybd.com/storage/undefined 404
upstream image response failed for https://admin.parisbeautybd.com/storage/undefined 404
upstream image response failed for https://admin.parisbeautybd.com/storage/undefined 404
upstream image response failed for https://admin.parisbeautybd.com/storage/undefined 404
upstream image response failed for https://admin.parisbeautybd.com/storage/product/fdsdffasdfasdfasf-300361.jpg 404
upstream image response failed for https://admin.parisbeautybd.com/storage/undefined 404
upstream image response failed for https://admin.parisbeautybd.com/storage/undefined 404
upstream image response failed for https://admin.parisbeautybd.com/storage/undefined 404
upstream image response failed for https://admin.parisbeautybd.com/storage/undefined 404
upstream image response failed for https://admin.parisbeautybd.com/storage/undefined 404
upstream image response failed for https://admin.parisbeautybd.com/storage/product/undefined 404
upstream image response failed for https://admin.parisbeautybd.com/storage/undefined 404
upstream image response failed for https://admin.parisbeautybd.com/storage/undefined 404
upstream image response failed for https://admin.parisbeautybd.com/storage/undefined 404
upstream image response failed for https://admin.parisbeautybd.com/storage/undefined 404
upstream image response failed for https://admin.parisbeautybd.com/storage/undefined 404
upstream image response failed for https://admin.parisbeautybd.com/storage/product/CARE-NEL-Dr.-Skin-AHA%C2%B7BHA-Peeling-Serum-30ml-1-576173.jpg 404
upstream image response failed for https://admin.parisbeautybd.com/storage/product/gsdggsds-200606.jpg 404
upstream image response failed for https://admin.parisbeautybd.com/storage/product/fafafasfa-179166.jpg 404
upstream image response failed for https://admin.parisbeautybd.com/storage/product/fdsdffasdfasdfasf-300361.jpg 404
upstream image response failed for https://admin.parisbeautybd.com/storage/product/fsfsfasffdsfas-868947.png 404
upstream image response failed for https://admin.parisbeautybd.com/storage/undefined 404
upstream image response failed for https://admin.parisbeautybd.com/storage/product/CARE-NEL-Dr.-Skin-AHA%C2%B7BHA-Peeling-Serum-30ml-1-576173.jpg 404
upstream image response failed for https://admin.parisbeautybd.com/storage/product/gsdggsds-200606.jpg 404
upstream image response failed for https://admin.parisbeautybd.com/storage/product/fafafasfa-179166.jpg 404
upstream image response failed for https://admin.parisbeautybd.com/storage/product/fdsdffasdfasdfasf-300361.jpg 404
upstream image response failed for https://admin.parisbeautybd.com/storage/product/fsfsfasffdsfas-868947.png 404
upstream image response failed for https://admin.parisbeautybd.com/storage/undefined 404
upstream image response failed for https://admin.parisbeautybd.com/storage/undefined 404
upstream image response failed for https://admin.parisbeautybd.com/storage/undefined 404
upstream image response failed for https://admin.parisbeautybd.com/storage/product/undefined 404
upstream image response failed for https://admin.parisbeautybd.com/storage/product/MAYBELLINE-SUPER-STAY-MATTE-INK%C2%AE-LIP-COLOR-663619-920225.jpg 404
upstream image response failed for https://admin.parisbeautybd.com/storage/product/undefined 404
upstream image response failed for https://admin.parisbeautybd.com/storage/undefined 404
upstream image response failed for https://admin.parisbeautybd.com/storage/undefined 404
upstream image response failed for https://admin.parisbeautybd.com/storage/undefined 404
upstream image response failed for https://admin.parisbeautybd.com/storage/undefined 404
upstream image response failed for https://admin.parisbeautybd.com/storage/undefined 404
upstream image response failed for https://admin.parisbeautybd.com/storage/undefined 404
upstream image response failed for https://admin.parisbeautybd.com/storage/product/1682765813_Colormax%20Cat%20Eye%20The%20Liner%20%E2%80%93%20Midnight%20Black.jpg 404
upstream image response failed for https://admin.parisbeautybd.com/storage/undefined 404
upstream image response failed for https://admin.parisbeautybd.com/storage/undefined 404
upstream image response failed for https://admin.parisbeautybd.com/storage/undefined 404
upstream image response failed for https://admin.parisbeautybd.com/storage/undefined 404
upstream image response failed for https://admin.parisbeautybd.com/storage/undefined 404
upstream image response failed for https://admin.parisbeautybd.com/storage/undefined 404
upstream image response failed for https://admin.parisbeautybd.com/storage/undefined 404
upstream image response failed for https://admin.parisbeautybd.com/storage/undefined 404
upstream image response failed for https://admin.parisbeautybd.com/storage/undefined 404
upstream image response failed for https://admin.parisbeautybd.com/storage/undefined 404
upstream image response failed for https://admin.parisbeautybd.com/storage/undefined 404
upstream image response failed for https://admin.parisbeautybd.com/storage/undefined 404
upstream image response failed for https://admin.parisbeautybd.com/storage/undefined 404
upstream image response failed for https://admin.parisbeautybd.com/storage/undefined 404
upstream image response failed for https://admin.parisbeautybd.com/storage/undefined 404
upstream image response failed for https://admin.parisbeautybd.com/storage/undefined 404
upstream image response failed for https://admin.parisbeautybd.com/storage/undefined 404
upstream image response failed for https://admin.parisbeautybd.com/storage/undefined 404
upstream image response failed for https://admin.parisbeautybd.com/storage/product/1678799497_TRESemm%C3%A9%20Smooth%20%26%20Shine%20Shampoo%20-340ml.jpg 404
upstream image response failed for https://admin.parisbeautybd.com/storage/product/1678799157_TRESemm%C3%A9%20Hair%20Fall%20Defense%20Shampoo-340ml.jpg 404
upstream image response failed for https://admin.parisbeautybd.com/storage/product/1681549295_TRESemm%C3%A9%20Detox%20and%20Restore%20Shampoo-340ml.jpg 404
upstream image response failed for https://admin.parisbeautybd.com/storage/product/1678799407_TRESemm%C3%A9%20Keratin%20Repair%20Bond%20Strength%20Shampoo-340ml.jpg 404
upstream image response failed for https://admin.parisbeautybd.com/storage/product/1678799690_TRESemm%C3%A9%20Thick%20and%20Full%20Shampoo-340ml.jpg 404
upstream image response failed for https://admin.parisbeautybd.com/storage/product/1681549923_TRESemm%C3%A9%20Keratin%20Smooth%20Shine%20Serum%20With%20Marula%20Oil-97ml.jpg 404
upstream image response failed for https://admin.parisbeautybd.com/storage/undefined 404
upstream image response failed for https://admin.parisbeautybd.com/storage/product/1682494144_NEUTROGENA%C2%AE%20Hydro%20Boost%20Sleeping%20Cream-50ml.jpg 404
upstream image response failed for https://admin.parisbeautybd.com/storage/undefined 404
upstream image response failed for https://admin.parisbeautybd.com/storage/undefined 404
upstream image response failed for https://admin.parisbeautybd.com/storage/undefined 404
upstream image response failed for https://admin.parisbeautybd.com/storage/undefined 404
upstream image response failed for https://admin.parisbeautybd.com/storage/undefined 404
upstream image response failed for https://admin.parisbeautybd.com/storage/undefined 404
upstream image response failed for https://admin.parisbeautybd.com/storage/product/CARE-NEL-Dr.-Skin-AHA%C2%B7BHA-Peeling-Serum-30ml-1-576173.jpg 404
upstream image response failed for https://admin.parisbeautybd.com/storage/product/gsdggsds-200606.jpg 404
upstream image response failed for https://admin.parisbeautybd.com/storage/product/fafafasfa-179166.jpg 404
upstream image response failed for https://admin.parisbeautybd.com/storage/product/fdsdffasdfasdfasf-300361.jpg 404
upstream image response failed for https://admin.parisbeautybd.com/storage/product/fsfsfasffdsfas-868947.png 404
upstream image response failed for https://admin.parisbeautybd.com/storage/undefined 404
upstream image response failed for https://admin.parisbeautybd.com/storage/undefined 404
upstream image response failed for https://admin.parisbeautybd.com/storage/undefined 404
upstream image response failed for https://admin.parisbeautybd.com/storage/undefined 404
upstream image response failed for https://admin.parisbeautybd.com/storage/undefined 404
upstream image response failed for https://admin.parisbeautybd.com/storage/undefined 404
ImageError: Unable to optimize image and unable to fallback to upstream image
    at imageOptimizer (/home/parisbe1/nodevenv/public_html/worldbrandbd/22/lib/node_modules/next/dist/server/image-optimizer.js:620:19)
    at process.processTicksAndRejections (node:internal/process/task_queues:103:5)
    at async cacheEntry.imageResponseCache.get.incrementalCache (/home/parisbe1/nodevenv/public_html/worldbrandbd/22/lib/node_modules/next/dist/server/next-server.js:414:72)
    at async /home/parisbe1/nodevenv/public_html/worldbrandbd/22/lib/node_modules/next/dist/server/response-cache/index.js:99:36 {
  statusCode: 400
}
upstream image response failed for https://admin.parisbeautybd.com/storage/undefined 404
upstream image response failed for https://admin.parisbeautybd.com/storage/undefined 404
upstream image response failed for https://admin.parisbeautybd.com/storage/undefined 404
upstream image response failed for https://admin.parisbeautybd.com/storage/undefined 404
upstream image response failed for https://admin.parisbeautybd.com/storage/product/1682764997_M%C2%B7A%C2%B7C%20STACK%20MASCARA.jpg 404
upstream image response failed for https://admin.parisbeautybd.com/storage/undefined 404
upstream image response failed for https://admin.parisbeautybd.com/storage/undefined 404
upstream image response failed for https://admin.parisbeautybd.com/storage/product/fsfsfasffdsfas-868947.png 404
upstream image response failed for https://admin.parisbeautybd.com/storage/product/fsfsfasffdsfas-868947.png 404
upstream image response failed for https://admin.parisbeautybd.com/storage/undefined 404
upstream image response failed for https://admin.parisbeautybd.com/storage/undefined 404
upstream image response failed for https://admin.parisbeautybd.com/storage/undefined 404
upstream image response failed for https://admin.parisbeautybd.com/storage/undefined 404
upstream image response failed for https://admin.parisbeautybd.com/storage/undefined 404
upstream image response failed for https://admin.parisbeautybd.com/storage/undefined 404
upstream image response failed for https://admin.parisbeautybd.com/storage/undefined 404
upstream image response failed for https://admin.parisbeautybd.com/storage/product/Pond%E2%80%99s-Clear-Solutions-Facial-Scrub-With-Herbal-Clay-100g-156824.jpg 404
upstream image response failed for https://admin.parisbeautybd.com/storage/product/1682757342_Pond%E2%80%99s%20Cold%20Cream%20Make-Up%20Remover-173g.jpg 404
upstream image response failed for https://admin.parisbeautybd.com/storage/undefined 404
upstream image response failed for https://admin.parisbeautybd.com/storage/undefined 404
upstream image response failed for https://admin.parisbeautybd.com/storage/undefined 404
upstream image response failed for https://admin.parisbeautybd.com/storage/undefined 404
upstream image response failed for https://admin.parisbeautybd.com/storage/undefined 404
upstream image response failed for https://admin.parisbeautybd.com/storage/undefined 404
upstream image response failed for https://admin.parisbeautybd.com/storage/undefined 404
upstream image response failed for https://admin.parisbeautybd.com/storage/undefined 404
upstream image response failed for https://admin.parisbeautybd.com/storage/undefined 404
upstream image response failed for https://admin.parisbeautybd.com/storage/undefined 404
upstream image response failed for https://admin.parisbeautybd.com/storage/undefined 404
upstream image response failed for https://admin.parisbeautybd.com/storage/undefined 404
upstream image response failed for https://admin.parisbeautybd.com/storage/undefined 404
upstream image response failed for https://admin.parisbeautybd.com/storage/undefined 404
upstream image response failed for https://admin.parisbeautybd.com/storage/undefined 404
upstream image response failed for https://admin.parisbeautybd.com/storage/undefined 404
upstream image response failed for https://admin.parisbeautybd.com/storage/undefined 404
upstream image response failed for https://admin.parisbeautybd.com/storage/undefined 404
upstream image response failed for https://admin.parisbeautybd.com/storage/undefined 404
upstream image response failed for https://admin.parisbeautybd.com/storage/undefined 404
upstream image response failed for https://admin.parisbeautybd.com/storage/product/1681029985_THE%20INKEY%20LIST%20SALICYLIC%20ACID%20CLEANSER%20%E2%80%93%20150%20ML.jpg 404
upstream image response failed for https://admin.parisbeautybd.com/storage/product/1681014973_THE%20INKEY%20LIST%20ALPHA%20ARBUTIN%20%E2%80%93%2030%20ML.jpg 404
upstream image response failed for https://admin.parisbeautybd.com/storage/product/1681022710_THE%20INKEY%20LIST%20HYALURTONIC%20ACID%20%E2%80%93%2030%20ML.jpg 404
upstream image response failed for https://admin.parisbeautybd.com/storage/product/1681023779_THE%20INKEY%20LIST%20NIACINAMIDE%20%E2%80%93%2030ML.jpg 404
upstream image response failed for https://admin.parisbeautybd.com/storage/undefined 404
upstream image response failed for https://admin.parisbeautybd.com/storage/product/1681015301_THE%20INKEY%20LIST%20BAKUCCHOIL%20%E2%80%93%2030ML.jpg 404
upstream image response failed for https://admin.parisbeautybd.com/storage/product/1678177895_Avene%20Sun%20Sitive%20R%C3%A9flexe%20Solaire%20SPF%2050%20%20for%20Baby%20%26%20Children-30ml.jpg 404
upstream image response failed for https://admin.parisbeautybd.com/storage/product/1681031612_THE%20INKEY%20LIST%20VITAMIN%20C%20%E2%80%93%2030ML.jpg 404
upstream image response failed for https://admin.parisbeautybd.com/storage/product/1681031612_THE%20INKEY%20LIST%20VITAMIN%20C%20%E2%80%93%2030ML.jpg 404
upstream image response failed for https://admin.parisbeautybd.com/storage/product/1681024915_THE%20INKEY%20LIST%20OAT%20CLEANSING%20BALM%20%E2%80%93%20150ML.jpg 404
upstream image response failed for https://admin.parisbeautybd.com/storage/undefined 404
upstream image response failed for https://admin.parisbeautybd.com/storage/undefined 404
upstream image response failed for https://admin.parisbeautybd.com/storage/undefined 404
upstream image response failed for https://admin.parisbeautybd.com/storage/product/1681031612_THE%20INKEY%20LIST%20VITAMIN%20C%20%E2%80%93%2030ML.jpg 404
upstream image response failed for https://admin.parisbeautybd.com/storage/undefined 404
upstream image response failed for https://admin.parisbeautybd.com/storage/undefined 404
upstream image response failed for https://admin.parisbeautybd.com/storage/undefined 404
upstream image response failed for https://admin.parisbeautybd.com/storage/product/1681030744_THE%20INKEY%20LIST%20TRANEXAMIC%20ACID%20NIGHT%20TREATMENT%20%E2%80%93%2030%20ML.jpg 404
upstream image response failed for https://admin.parisbeautybd.com/storage/undefined 404
upstream image response failed for https://admin.parisbeautybd.com/storage/undefined 404
upstream image response failed for https://admin.parisbeautybd.com/storage/undefined 404
upstream image response failed for https://admin.parisbeautybd.com/storage/undefined 404
upstream image response failed for https://admin.parisbeautybd.com/storage/product/CARE-NEL-Dr.-Skin-AHA%C2%B7BHA-Peeling-Serum-30ml-1-576173.jpg 404
upstream image response failed for https://admin.parisbeautybd.com/storage/product/fdsdffasdfasdfasf-300361.jpg 404
upstream image response failed for https://admin.parisbeautybd.com/storage/product/fafafasfa-179166.jpg 404
upstream image response failed for https://admin.parisbeautybd.com/storage/product/gsdggsds-200606.jpg 404
upstream image response failed for https://admin.parisbeautybd.com/storage/product/fsfsfasffdsfas-868947.png 404
upstream image response failed for https://admin.parisbeautybd.com/storage/undefined 404
upstream image response failed for https://admin.parisbeautybd.com/storage/undefined 404
upstream image response failed for https://admin.parisbeautybd.com/storage/undefined 404
upstream image response failed for https://admin.parisbeautybd.com/storage/undefined 404
upstream image response failed for https://admin.parisbeautybd.com/storage/product/CARE-NEL-Dr.-Skin-AHA%C2%B7BHA-Peeling-Serum-30ml-1-576173.jpg 404
upstream image response failed for https://admin.parisbeautybd.com/storage/product/fafafasfa-179166.jpg 404
upstream image response failed for https://admin.parisbeautybd.com/storage/product/fsfsfasffdsfas-868947.png 404
upstream image response failed for https://admin.parisbeautybd.com/storage/product/gsdggsds-200606.jpg 404
upstream image response failed for https://admin.parisbeautybd.com/storage/product/fdsdffasdfasdfasf-300361.jpg 404
upstream image response failed for https://admin.parisbeautybd.com/storage/product/1681028718_THE%20INKEY%20LIST%20RETINOL%20%E2%80%93%2030%20ML.jpg 404
upstream image response failed for https://admin.parisbeautybd.com/storage/undefined 404
upstream image response failed for https://admin.parisbeautybd.com/storage/product/fsdfsafsafas-333469.jpg 404
upstream image response failed for https://admin.parisbeautybd.com/storage/product/fafafasfa-179166.jpg 404
upstream image response failed for https://admin.parisbeautybd.com/storage/product/fdsdffasdfasdfasf-300361.jpg 404
upstream image response failed for https://admin.parisbeautybd.com/storage/undefined 404
upstream image response failed for https://admin.parisbeautybd.com/storage/product/CARE-NEL-Dr.-Skin-AHA%C2%B7BHA-Peeling-Serum-30ml-1-576173.jpg 404
upstream image response failed for https://admin.parisbeautybd.com/storage/product/fdsdffasdfasdfasf-300361.jpg 404
upstream image response failed for https://admin.parisbeautybd.com/storage/product/gsdggsds-200606.jpg 404
upstream image response failed for https://admin.parisbeautybd.com/storage/product/fafafasfa-179166.jpg 404
upstream image response failed for https://admin.parisbeautybd.com/storage/product/fsfsfasffdsfas-868947.png 404
upstream image response failed for https://admin.parisbeautybd.com/storage/undefined 404
upstream image response failed for https://admin.parisbeautybd.com/storage/undefined 404
upstream image response failed for https://admin.parisbeautybd.com/storage/undefined 404
upstream image response failed for https://admin.parisbeautybd.com/storage/undefined 404
upstream image response failed for https://admin.parisbeautybd.com/storage/product/CARE-NEL-Dr.-Skin-AHA%C2%B7BHA-Peeling-Serum-30ml-1-576173.jpg 404
upstream image response failed for https://admin.parisbeautybd.com/storage/product/gsdggsds-200606.jpg 404
upstream image response failed for https://admin.parisbeautybd.com/storage/product/fafafasfa-179166.jpg 404
upstream image response failed for https://admin.parisbeautybd.com/storage/product/fdsdffasdfasdfasf-300361.jpg 404
upstream image response failed for https://admin.parisbeautybd.com/storage/product/fsfsfasffdsfas-868947.png 404
